
> api@ full-download /Users/nick/Documents/Development/sheetz-labs/apps/api
> npx tsx scripts/full-email-download.ts

npm warn Unknown env config "npm-globalconfig". This will stop working in the next major version of npm.
npm warn Unknown env config "verify-deps-before-run". This will stop working in the next major version of npm.
npm warn Unknown env config "_jsr-registry". This will stop working in the next major version of npm.
=== Full Email Download Script ===

Found 3 accounts to process


==================================================
Processing: sendhelp@colabwheaton.com
==================================================

1. Checking access token...
   Token expired, refreshing...
   ✓ Token valid

2. Syncing labels...
   ✓ Labels synced

   Found 13 labels

3. Clearing existing emails...
   ✓ Deleted 22 existing emails

4. Downloading all emails from Gmail...

   Page 1: Processing 22 messages...
   ✓ Total downloaded: 22

5. Setting history ID for incremental sync...
   ✓ History ID set: 43547


✅ Complete: 22 emails downloaded for sendhelp@colabwheaton.com

==================================================
Processing: nsheetz09@gmail.com
==================================================

1. Checking access token...
   Token expired, refreshing...
   ✓ Token valid

2. Syncing labels...
   ✓ Labels synced

   Found 30 labels

3. Clearing existing emails...
   ✓ Deleted 61 existing emails

4. Downloading all emails from Gmail...

   Page 1: Processing 100 messages...
   ✓ Total downloaded: 100
   Page 2: Processing 100 messages...
   ✓ Total downloaded: 200
   Page 3: Processing 100 messages...
   ✓ Total downloaded: 300
   Page 4: Processing 100 messages...
   ✓ Total downloaded: 400
   Page 5: Processing 100 messages...
   ✓ Total downloaded: 500
   Page 6: Processing 100 messages...
   ✓ Total downloaded: 600
   Page 7: Processing 100 messages...
   ✓ Total downloaded: 700
   Page 8: Processing 100 messages...
   ✓ Total downloaded: 800
   Page 9: Processing 100 messages...
   ✓ Total downloaded: 900
   Page 10: Processing 100 messages...
   ✓ Total downloaded: 1000

   --- Checkpoint: 1000 emails downloaded ---

   Page 11: Processing 100 messages...
   ✓ Total downloaded: 1100
   Page 12: Processing 100 messages...
   ✓ Total downloaded: 1200
   Page 13: Processing 100 messages...
   ✓ Total downloaded: 1300
   Page 14: Processing 100 messages...
   ✓ Total downloaded: 1400
   Page 15: Processing 100 messages...
   ✓ Total downloaded: 1500
   Page 16: Processing 100 messages...
   ✓ Total downloaded: 1600
   Page 17: Processing 100 messages...
   ✓ Total downloaded: 1700
   Page 18: Processing 100 messages...
   ✓ Total downloaded: 1800
   Page 19: Processing 100 messages...
   ✓ Total downloaded: 1900
   Page 20: Processing 100 messages...
   ✓ Total downloaded: 2000

   --- Checkpoint: 2000 emails downloaded ---

   Page 21: Processing 100 messages...
   ✓ Total downloaded: 2100
   Page 22: Processing 95 messages...
   ✓ Total downloaded: 2195

5. Setting history ID for incremental sync...
   ✓ History ID set: 4231129


✅ Complete: 2195 emails downloaded for nsheetz09@gmail.com

==================================================
Processing: nicksheetzdesign@gmail.com
==================================================

1. Checking access token...
   Token expired, refreshing...
   ✓ Token valid

2. Syncing labels...
   ✓ Labels synced

   Found 44 labels

3. Clearing existing emails...
   ✓ Deleted 1000 existing emails

4. Downloading all emails from Gmail...

   Page 1: Processing 100 messages...
   ✓ Total downloaded: 100
   Page 2: Processing 100 messages...
   ✓ Total downloaded: 200
   Page 3: Processing 100 messages...
   ✓ Total downloaded: 300
   Page 4: Processing 100 messages...
   ✓ Total downloaded: 400
   Page 5: Processing 100 messages...
   ✓ Total downloaded: 500
   Page 6: Processing 100 messages...
   ✓ Total downloaded: 600
   Page 7: Processing 100 messages...
   ✓ Total downloaded: 700
   Page 8: Processing 100 messages...
   ✓ Total downloaded: 800
   Page 9: Processing 100 messages...
   ✓ Total downloaded: 900
   Page 10: Processing 100 messages...
   ✓ Total downloaded: 1000

   --- Checkpoint: 1000 emails downloaded ---

   Page 11: Processing 100 messages...
   ✓ Total downloaded: 1100
   Page 12: Processing 100 messages...
   ✓ Total downloaded: 1200
   Page 13: Processing 100 messages...
   ✓ Total downloaded: 1300
   Page 14: Processing 100 messages...
   ✓ Total downloaded: 1400
   Page 15: Processing 100 messages...
   ✓ Total downloaded: 1500
   Page 16: Processing 100 messages...
   ✓ Total downloaded: 1600
   Page 17: Processing 100 messages...
   ✓ Total downloaded: 1700
   Page 18: Processing 100 messages...
   ✓ Total downloaded: 1800
   Page 19: Processing 100 messages...
   ✓ Total downloaded: 1900
   Page 20: Processing 100 messages...
   ✓ Total downloaded: 2000

   --- Checkpoint: 2000 emails downloaded ---

   Page 21: Processing 100 messages...
   ✓ Total downloaded: 2100
   Page 22: Processing 100 messages...
   ✓ Total downloaded: 2200
   Page 23: Processing 100 messages...
   ✓ Total downloaded: 2300
   Page 24: Processing 100 messages...
   ✓ Total downloaded: 2400
   Page 25: Processing 100 messages...
   ✓ Total downloaded: 2500
   Page 26: Processing 100 messages...
   ✓ Total downloaded: 2600
   Page 27: Processing 100 messages...
   ✓ Total downloaded: 2700
   Page 28: Processing 100 messages...
   ✓ Total downloaded: 2800
   Page 29: Processing 100 messages...
   ✓ Total downloaded: 2900
   Page 30: Processing 100 messages...
   ✓ Total downloaded: 3000

   --- Checkpoint: 3000 emails downloaded ---

   Page 31: Processing 100 messages...
   ✓ Total downloaded: 3100
   Page 32: Processing 100 messages...
   ✓ Total downloaded: 3200
   Page 33: Processing 100 messages...
   ✓ Total downloaded: 3300
   Page 34: Processing 100 messages...
   ✓ Total downloaded: 3400
   Page 35: Processing 100 messages...
   ✓ Total downloaded: 3500
   Page 36: Processing 100 messages...
   ✓ Total downloaded: 3600
   Page 37: Processing 100 messages...
   ✓ Total downloaded: 3700
   Page 38: Processing 100 messages...
   ✓ Total downloaded: 3800
   Page 39: Processing 76 messages...
   ✓ Total downloaded: 3876

5. Setting history ID for incremental sync...
   ✓ History ID set: 10196353


✅ Complete: 3876 emails downloaded for nicksheetzdesign@gmail.com

=== Complete ===
Full email download finished in 9 minutes.
Total emails downloaded: 6093

Results:
✅ sendhelp@colabwheaton.com: 22 emails
✅ nsheetz09@gmail.com: 2195 emails
✅ nicksheetzdesign@gmail.com: 3876 emails
📧 Notification email sent
npm notice
npm notice New minor version of npm available! 11.6.2 -> 11.11.0
npm notice Changelog: https://github.com/npm/cli/releases/tag/v11.11.0
npm notice To update run: npm install -g npm@11.11.0
npm notice
